{"C:\\Users\\gearp\\Desktop\\Coding\\pseudodraft-bot\\DraftBot\\src\\actions\\Draft\\Draft.ts": {"path":"C:\\Users\\gearp\\Desktop\\Coding\\pseudodraft-bot\\DraftBot\\src\\actions\\Draft\\Draft.ts","all":false,"statementMap":{"0":{"start":{"line":1,"column":0},"end":{"line":1,"column":59}},"1":{"start":{"line":2,"column":0},"end":{"line":2,"column":34}},"2":{"start":{"line":3,"column":0},"end":{"line":3,"column":69}},"3":{"start":{"line":4,"column":0},"end":{"line":4,"column":63}},"4":{"start":{"line":5,"column":0},"end":{"line":5,"column":54}},"5":{"start":{"line":6,"column":0},"end":{"line":6,"column":53}},"6":{"start":{"line":7,"column":0},"end":{"line":7,"column":63}},"7":{"start":{"line":8,"column":0},"end":{"line":8,"column":0}},"8":{"start":{"line":9,"column":0},"end":{"line":9,"column":60}},"9":{"start":{"line":10,"column":0},"end":{"line":10,"column":49}},"10":{"start":{"line":11,"column":0},"end":{"line":11,"column":34}},"11":{"start":{"line":12,"column":0},"end":{"line":12,"column":42}},"12":{"start":{"line":13,"column":0},"end":{"line":13,"column":21}},"13":{"start":{"line":14,"column":0},"end":{"line":14,"column":3}},"14":{"start":{"line":15,"column":0},"end":{"line":15,"column":0}},"15":{"start":{"line":16,"column":0},"end":{"line":16,"column":27}},"16":{"start":{"line":17,"column":0},"end":{"line":17,"column":2}},"17":{"start":{"line":18,"column":0},"end":{"line":18,"column":0}},"18":{"start":{"line":19,"column":0},"end":{"line":19,"column":55}},"19":{"start":{"line":20,"column":0},"end":{"line":20,"column":17}},"20":{"start":{"line":21,"column":0},"end":{"line":21,"column":0}},"21":{"start":{"line":22,"column":0},"end":{"line":22,"column":24}},"22":{"start":{"line":23,"column":0},"end":{"line":23,"column":0}},"23":{"start":{"line":24,"column":0},"end":{"line":24,"column":17}},"24":{"start":{"line":25,"column":0},"end":{"line":25,"column":75}},"25":{"start":{"line":26,"column":0},"end":{"line":26,"column":3}},"26":{"start":{"line":27,"column":0},"end":{"line":27,"column":0}},"27":{"start":{"line":28,"column":0},"end":{"line":28,"column":38}},"28":{"start":{"line":29,"column":0},"end":{"line":29,"column":20}},"29":{"start":{"line":30,"column":0},"end":{"line":30,"column":57}},"30":{"start":{"line":31,"column":0},"end":{"line":31,"column":63}},"31":{"start":{"line":32,"column":0},"end":{"line":32,"column":42}},"32":{"start":{"line":33,"column":0},"end":{"line":33,"column":42}},"33":{"start":{"line":34,"column":0},"end":{"line":34,"column":32}},"34":{"start":{"line":35,"column":0},"end":{"line":35,"column":8}},"35":{"start":{"line":36,"column":0},"end":{"line":36,"column":21}},"36":{"start":{"line":37,"column":0},"end":{"line":37,"column":25}},"37":{"start":{"line":38,"column":0},"end":{"line":38,"column":107}},"38":{"start":{"line":39,"column":0},"end":{"line":39,"column":7}},"39":{"start":{"line":40,"column":0},"end":{"line":40,"column":5}},"40":{"start":{"line":41,"column":0},"end":{"line":41,"column":0}},"41":{"start":{"line":42,"column":0},"end":{"line":42,"column":66}},"42":{"start":{"line":43,"column":0},"end":{"line":43,"column":39}},"43":{"start":{"line":44,"column":0},"end":{"line":44,"column":0}},"44":{"start":{"line":45,"column":0},"end":{"line":45,"column":21}},"45":{"start":{"line":46,"column":0},"end":{"line":46,"column":46}},"46":{"start":{"line":47,"column":0},"end":{"line":47,"column":46}},"47":{"start":{"line":48,"column":0},"end":{"line":48,"column":46}},"48":{"start":{"line":49,"column":0},"end":{"line":49,"column":46}},"49":{"start":{"line":50,"column":0},"end":{"line":50,"column":71}},"50":{"start":{"line":51,"column":0},"end":{"line":51,"column":0}},"51":{"start":{"line":52,"column":0},"end":{"line":52,"column":113}},"52":{"start":{"line":53,"column":0},"end":{"line":53,"column":0}},"53":{"start":{"line":54,"column":0},"end":{"line":54,"column":50}},"54":{"start":{"line":55,"column":0},"end":{"line":55,"column":31}},"55":{"start":{"line":56,"column":0},"end":{"line":56,"column":81}},"56":{"start":{"line":57,"column":0},"end":{"line":57,"column":32}},"57":{"start":{"line":58,"column":0},"end":{"line":58,"column":0}},"58":{"start":{"line":59,"column":0},"end":{"line":59,"column":48}},"59":{"start":{"line":60,"column":0},"end":{"line":60,"column":0}},"60":{"start":{"line":61,"column":0},"end":{"line":61,"column":34}},"61":{"start":{"line":62,"column":0},"end":{"line":62,"column":70}},"62":{"start":{"line":63,"column":0},"end":{"line":63,"column":13}},"63":{"start":{"line":64,"column":0},"end":{"line":64,"column":5}},"64":{"start":{"line":65,"column":0},"end":{"line":65,"column":0}},"65":{"start":{"line":66,"column":0},"end":{"line":66,"column":29}},"66":{"start":{"line":67,"column":0},"end":{"line":67,"column":22}},"67":{"start":{"line":68,"column":0},"end":{"line":68,"column":16}},"68":{"start":{"line":69,"column":0},"end":{"line":69,"column":14}},"69":{"start":{"line":70,"column":0},"end":{"line":70,"column":20}},"70":{"start":{"line":71,"column":0},"end":{"line":71,"column":28}},"71":{"start":{"line":72,"column":0},"end":{"line":72,"column":16}},"72":{"start":{"line":73,"column":0},"end":{"line":73,"column":7}},"73":{"start":{"line":74,"column":0},"end":{"line":74,"column":4}},"74":{"start":{"line":75,"column":0},"end":{"line":75,"column":1}}},"s":{"0":1,"1":1,"2":1,"3":1,"4":1,"5":1,"6":1,"7":1,"8":1,"9":0,"10":0,"11":0,"12":0,"13":0,"14":0,"15":0,"16":0,"17":0,"18":1,"19":1,"20":1,"21":1,"22":1,"23":1,"24":1,"25":1,"26":1,"27":1,"28":1,"29":1,"30":1,"31":1,"32":4,"33":4,"34":4,"35":4,"36":4,"37":1,"38":1,"39":1,"40":1,"41":1,"42":1,"43":1,"44":1,"45":0,"46":0,"47":0,"48":0,"49":0,"50":0,"51":0,"52":0,"53":0,"54":0,"55":0,"56":0,"57":0,"58":0,"59":0,"60":0,"61":0,"62":0,"63":0,"64":0,"65":0,"66":0,"67":0,"68":0,"69":0,"70":0,"71":0,"72":0,"73":0,"74":0},"branchMap":{"0":{"type":"branch","line":1,"loc":{"start":{"line":1,"column":0},"end":{"line":75,"column":1}},"locations":[{"start":{"line":1,"column":0},"end":{"line":75,"column":1}}]},"1":{"type":"branch","line":1,"loc":{"start":{"line":1,"column":0},"end":{"line":75,"column":1}},"locations":[{"start":{"line":1,"column":0},"end":{"line":75,"column":1}}]},"2":{"type":"branch","line":19,"loc":{"start":{"line":19,"column":42},"end":{"line":75,"column":1}},"locations":[{"start":{"line":19,"column":42},"end":{"line":75,"column":1}}]},"3":{"type":"branch","line":22,"loc":{"start":{"line":22,"column":17},"end":{"line":28,"column":15}},"locations":[{"start":{"line":22,"column":17},"end":{"line":28,"column":15}}]},"4":{"type":"branch","line":32,"loc":{"start":{"line":32,"column":37},"end":{"line":38,"column":22}},"locations":[{"start":{"line":32,"column":37},"end":{"line":38,"column":22}}]}},"b":{"0":[1],"1":[1],"2":[1],"3":[1],"4":[4]},"fnMap":{"0":{"name":"Object.<anonymous>","decl":{"start":{"line":1,"column":0},"end":{"line":75,"column":1}},"loc":{"start":{"line":1,"column":0},"end":{"line":75,"column":1}},"line":1},"1":{"name":"getSetData","decl":{"start":{"line":9,"column":46},"end":{"line":19,"column":40}},"loc":{"start":{"line":9,"column":46},"end":{"line":19,"column":40}},"line":9},"2":{"name":"<instance_members_initializer>","decl":{"start":{"line":19,"column":42},"end":{"line":75,"column":1}},"loc":{"start":{"line":19,"column":42},"end":{"line":75,"column":1}},"line":19},"3":{"name":"Draft","decl":{"start":{"line":22,"column":17},"end":{"line":28,"column":15}},"loc":{"start":{"line":22,"column":17},"end":{"line":28,"column":15}},"line":22},"4":{"name":"action","decl":{"start":{"line":45,"column":11},"end":{"line":75,"column":1}},"loc":{"start":{"line":45,"column":11},"end":{"line":75,"column":1}},"line":45}},"f":{"0":1,"1":0,"2":1,"3":1,"4":0}}
,"C:\\Users\\gearp\\Desktop\\Coding\\pseudodraft-bot\\DraftBot\\src\\utils\\Constants.ts": {"path":"C:\\Users\\gearp\\Desktop\\Coding\\pseudodraft-bot\\DraftBot\\src\\utils\\Constants.ts","all":false,"statementMap":{"0":{"start":{"line":1,"column":0},"end":{"line":1,"column":57}},"1":{"start":{"line":2,"column":0},"end":{"line":2,"column":0}},"2":{"start":{"line":3,"column":0},"end":{"line":3,"column":63}},"3":{"start":{"line":4,"column":0},"end":{"line":4,"column":83}},"4":{"start":{"line":5,"column":0},"end":{"line":5,"column":77}},"5":{"start":{"line":6,"column":0},"end":{"line":6,"column":67}},"6":{"start":{"line":7,"column":0},"end":{"line":7,"column":55}},"7":{"start":{"line":8,"column":0},"end":{"line":8,"column":139}},"8":{"start":{"line":9,"column":0},"end":{"line":9,"column":0}},"9":{"start":{"line":10,"column":0},"end":{"line":10,"column":98}},"10":{"start":{"line":11,"column":0},"end":{"line":11,"column":130}},"11":{"start":{"line":12,"column":0},"end":{"line":12,"column":0}},"12":{"start":{"line":13,"column":0},"end":{"line":13,"column":50}},"13":{"start":{"line":14,"column":0},"end":{"line":14,"column":60}},"14":{"start":{"line":15,"column":0},"end":{"line":15,"column":0}},"15":{"start":{"line":16,"column":0},"end":{"line":16,"column":26}},"16":{"start":{"line":17,"column":0},"end":{"line":17,"column":39}},"17":{"start":{"line":18,"column":0},"end":{"line":18,"column":39}},"18":{"start":{"line":19,"column":0},"end":{"line":19,"column":35}},"19":{"start":{"line":20,"column":0},"end":{"line":20,"column":35}},"20":{"start":{"line":21,"column":0},"end":{"line":21,"column":1}},"21":{"start":{"line":22,"column":0},"end":{"line":22,"column":0}},"22":{"start":{"line":23,"column":0},"end":{"line":23,"column":20}},"23":{"start":{"line":24,"column":0},"end":{"line":24,"column":16}},"24":{"start":{"line":25,"column":0},"end":{"line":25,"column":18}},"25":{"start":{"line":26,"column":0},"end":{"line":26,"column":16}},"26":{"start":{"line":27,"column":0},"end":{"line":27,"column":1}}},"s":{"0":1,"1":1,"2":1,"3":1,"4":1,"5":1,"6":1,"7":1,"8":1,"9":1,"10":1,"11":1,"12":1,"13":1,"14":1,"15":1,"16":1,"17":1,"18":1,"19":1,"20":1,"21":1,"22":1,"23":1,"24":1,"25":1,"26":1},"branchMap":{"0":{"type":"branch","line":1,"loc":{"start":{"line":1,"column":0},"end":{"line":27,"column":1}},"locations":[{"start":{"line":1,"column":0},"end":{"line":27,"column":1}}]},"1":{"type":"branch","line":1,"loc":{"start":{"line":1,"column":0},"end":{"line":27,"column":1}},"locations":[{"start":{"line":1,"column":0},"end":{"line":27,"column":1}}]}},"b":{"0":[1],"1":[1]},"fnMap":{"0":{"name":"Object.<anonymous>","decl":{"start":{"line":1,"column":0},"end":{"line":27,"column":1}},"loc":{"start":{"line":1,"column":0},"end":{"line":27,"column":1}},"line":1}},"f":{"0":1}}
,"C:\\Users\\gearp\\Desktop\\Coding\\pseudodraft-bot\\DraftBot\\src\\utils\\SchemaBuilder.ts": {"path":"C:\\Users\\gearp\\Desktop\\Coding\\pseudodraft-bot\\DraftBot\\src\\utils\\SchemaBuilder.ts","all":false,"statementMap":{"0":{"start":{"line":1,"column":0},"end":{"line":1,"column":58}},"1":{"start":{"line":2,"column":0},"end":{"line":2,"column":40}},"2":{"start":{"line":3,"column":0},"end":{"line":3,"column":0}},"3":{"start":{"line":4,"column":0},"end":{"line":4,"column":61}},"4":{"start":{"line":5,"column":0},"end":{"line":5,"column":44}},"5":{"start":{"line":6,"column":0},"end":{"line":6,"column":30}},"6":{"start":{"line":7,"column":0},"end":{"line":7,"column":44}},"7":{"start":{"line":8,"column":0},"end":{"line":8,"column":0}},"8":{"start":{"line":9,"column":0},"end":{"line":9,"column":26}},"9":{"start":{"line":10,"column":0},"end":{"line":10,"column":50}},"10":{"start":{"line":11,"column":0},"end":{"line":11,"column":28}},"11":{"start":{"line":12,"column":0},"end":{"line":12,"column":72}},"12":{"start":{"line":13,"column":0},"end":{"line":13,"column":52}},"13":{"start":{"line":14,"column":0},"end":{"line":14,"column":56}},"14":{"start":{"line":15,"column":0},"end":{"line":15,"column":8}},"15":{"start":{"line":16,"column":0},"end":{"line":16,"column":7}},"16":{"start":{"line":17,"column":0},"end":{"line":17,"column":3}},"17":{"start":{"line":18,"column":0},"end":{"line":18,"column":0}},"18":{"start":{"line":19,"column":0},"end":{"line":19,"column":28}},"19":{"start":{"line":20,"column":0},"end":{"line":20,"column":52}},"20":{"start":{"line":21,"column":0},"end":{"line":21,"column":30}},"21":{"start":{"line":22,"column":0},"end":{"line":22,"column":76}},"22":{"start":{"line":23,"column":0},"end":{"line":23,"column":52}},"23":{"start":{"line":24,"column":0},"end":{"line":24,"column":56}},"24":{"start":{"line":25,"column":0},"end":{"line":25,"column":8}},"25":{"start":{"line":26,"column":0},"end":{"line":26,"column":7}},"26":{"start":{"line":27,"column":0},"end":{"line":27,"column":3}},"27":{"start":{"line":28,"column":0},"end":{"line":28,"column":0}},"28":{"start":{"line":29,"column":0},"end":{"line":29,"column":26}},"29":{"start":{"line":30,"column":0},"end":{"line":30,"column":2}}},"s":{"0":1,"1":1,"2":1,"3":1,"4":1,"5":1,"6":1,"7":1,"8":1,"9":1,"10":1,"11":1,"12":4,"13":4,"14":4,"15":4,"16":4,"17":4,"18":4,"19":1,"20":1,"21":1,"22":1,"23":1,"24":1,"25":1,"26":1,"27":1,"28":1,"29":1},"branchMap":{"0":{"type":"branch","line":1,"loc":{"start":{"line":1,"column":0},"end":{"line":30,"column":2}},"locations":[{"start":{"line":1,"column":0},"end":{"line":30,"column":2}}]},"1":{"type":"branch","line":1,"loc":{"start":{"line":1,"column":0},"end":{"line":30,"column":2}},"locations":[{"start":{"line":1,"column":0},"end":{"line":30,"column":2}}]},"2":{"type":"branch","line":5,"loc":{"start":{"line":5,"column":29},"end":{"line":30,"column":2}},"locations":[{"start":{"line":5,"column":29},"end":{"line":30,"column":2}}]},"3":{"type":"branch","line":12,"loc":{"start":{"line":12,"column":14},"end":{"line":20,"column":22}},"locations":[{"start":{"line":12,"column":14},"end":{"line":20,"column":22}}]},"4":{"type":"branch","line":12,"loc":{"start":{"line":12,"column":69},"end":{"line":20,"column":10}},"locations":[{"start":{"line":12,"column":69},"end":{"line":20,"column":10}}]},"5":{"type":"branch","line":20,"loc":{"start":{"line":20,"column":1},"end":{"line":20,"column":9}},"locations":[{"start":{"line":20,"column":1},"end":{"line":20,"column":9}}]},"6":{"type":"branch","line":22,"loc":{"start":{"line":22,"column":14},"end":{"line":30,"column":2}},"locations":[{"start":{"line":22,"column":14},"end":{"line":30,"column":2}}]},"7":{"type":"branch","line":22,"loc":{"start":{"line":22,"column":71},"end":{"line":30,"column":2}},"locations":[{"start":{"line":22,"column":71},"end":{"line":30,"column":2}}]}},"b":{"0":[1],"1":[1],"2":[1],"3":[4],"4":[4],"5":[3],"6":[1],"7":[1]},"fnMap":{"0":{"name":"Object.<anonymous>","decl":{"start":{"line":1,"column":0},"end":{"line":30,"column":2}},"loc":{"start":{"line":1,"column":0},"end":{"line":30,"column":2}},"line":1},"1":{"name":"BuildCommandSchema","decl":{"start":{"line":5,"column":29},"end":{"line":30,"column":2}},"loc":{"start":{"line":5,"column":29},"end":{"line":30,"column":2}},"line":5}},"f":{"0":1,"1":1}}
,"C:\\Users\\gearp\\Desktop\\Coding\\pseudodraft-bot\\DraftBot\\src\\utils\\wrappers\\DynamoWrapper.ts": {"path":"C:\\Users\\gearp\\Desktop\\Coding\\pseudodraft-bot\\DraftBot\\src\\utils\\wrappers\\DynamoWrapper.ts","all":false,"statementMap":{"0":{"start":{"line":1,"column":0},"end":{"line":1,"column":58}},"1":{"start":{"line":2,"column":0},"end":{"line":2,"column":69}},"2":{"start":{"line":3,"column":0},"end":{"line":3,"column":52}},"3":{"start":{"line":4,"column":0},"end":{"line":4,"column":57}},"4":{"start":{"line":5,"column":0},"end":{"line":5,"column":0}},"5":{"start":{"line":6,"column":0},"end":{"line":6,"column":19}},"6":{"start":{"line":7,"column":0},"end":{"line":7,"column":36}},"7":{"start":{"line":8,"column":0},"end":{"line":8,"column":38}},"8":{"start":{"line":9,"column":0},"end":{"line":9,"column":0}},"9":{"start":{"line":10,"column":0},"end":{"line":10,"column":28}},"10":{"start":{"line":11,"column":0},"end":{"line":11,"column":0}},"11":{"start":{"line":12,"column":0},"end":{"line":12,"column":87}},"12":{"start":{"line":13,"column":0},"end":{"line":13,"column":56}},"13":{"start":{"line":14,"column":0},"end":{"line":14,"column":57}},"14":{"start":{"line":15,"column":0},"end":{"line":15,"column":31}},"15":{"start":{"line":16,"column":0},"end":{"line":16,"column":3}},"16":{"start":{"line":17,"column":0},"end":{"line":17,"column":0}},"17":{"start":{"line":18,"column":0},"end":{"line":18,"column":88}},"18":{"start":{"line":19,"column":0},"end":{"line":19,"column":9}},"19":{"start":{"line":20,"column":0},"end":{"line":20,"column":32}},"20":{"start":{"line":21,"column":0},"end":{"line":21,"column":24}},"21":{"start":{"line":22,"column":0},"end":{"line":22,"column":97}},"22":{"start":{"line":23,"column":0},"end":{"line":23,"column":33}},"23":{"start":{"line":24,"column":0},"end":{"line":24,"column":11}},"24":{"start":{"line":25,"column":0},"end":{"line":25,"column":8}},"25":{"start":{"line":26,"column":0},"end":{"line":26,"column":30}},"26":{"start":{"line":27,"column":0},"end":{"line":27,"column":17}},"27":{"start":{"line":28,"column":0},"end":{"line":28,"column":31}},"28":{"start":{"line":29,"column":0},"end":{"line":29,"column":5}},"29":{"start":{"line":30,"column":0},"end":{"line":30,"column":3}},"30":{"start":{"line":31,"column":0},"end":{"line":31,"column":0}},"31":{"start":{"line":32,"column":0},"end":{"line":32,"column":54}},"32":{"start":{"line":33,"column":0},"end":{"line":33,"column":9}},"33":{"start":{"line":34,"column":0},"end":{"line":34,"column":32}},"34":{"start":{"line":35,"column":0},"end":{"line":35,"column":24}},"35":{"start":{"line":36,"column":0},"end":{"line":36,"column":36}},"36":{"start":{"line":37,"column":0},"end":{"line":37,"column":27}},"37":{"start":{"line":38,"column":0},"end":{"line":38,"column":11}},"38":{"start":{"line":39,"column":0},"end":{"line":39,"column":8}},"39":{"start":{"line":40,"column":0},"end":{"line":40,"column":39}},"40":{"start":{"line":41,"column":0},"end":{"line":41,"column":17}},"41":{"start":{"line":42,"column":0},"end":{"line":42,"column":31}},"42":{"start":{"line":43,"column":0},"end":{"line":43,"column":5}},"43":{"start":{"line":44,"column":0},"end":{"line":44,"column":3}},"44":{"start":{"line":45,"column":0},"end":{"line":45,"column":1}}},"s":{"0":1,"1":1,"2":1,"3":1,"4":1,"5":1,"6":1,"7":1,"8":1,"9":1,"10":1,"11":1,"12":1,"13":1,"14":1,"15":0,"16":0,"17":0,"18":0,"19":0,"20":0,"21":0,"22":0,"23":0,"24":0,"25":0,"26":0,"27":0,"28":0,"29":0,"30":0,"31":1,"32":0,"33":0,"34":0,"35":0,"36":0,"37":0,"38":0,"39":0,"40":0,"41":0,"42":0,"43":0,"44":0},"branchMap":{"0":{"type":"branch","line":1,"loc":{"start":{"line":1,"column":0},"end":{"line":45,"column":1}},"locations":[{"start":{"line":1,"column":0},"end":{"line":45,"column":1}}]},"1":{"type":"branch","line":1,"loc":{"start":{"line":1,"column":0},"end":{"line":45,"column":1}},"locations":[{"start":{"line":1,"column":0},"end":{"line":45,"column":1}}]},"2":{"type":"branch","line":7,"loc":{"start":{"line":7,"column":1},"end":{"line":45,"column":1}},"locations":[{"start":{"line":7,"column":1},"end":{"line":45,"column":1}}]},"3":{"type":"branch","line":8,"loc":{"start":{"line":8,"column":20},"end":{"line":15,"column":16}},"locations":[{"start":{"line":8,"column":20},"end":{"line":15,"column":16}}]}},"b":{"0":[1],"1":[1],"2":[1],"3":[1]},"fnMap":{"0":{"name":"Object.<anonymous>","decl":{"start":{"line":1,"column":0},"end":{"line":45,"column":1}},"loc":{"start":{"line":1,"column":0},"end":{"line":45,"column":1}},"line":1},"1":{"name":"<instance_members_initializer>","decl":{"start":{"line":7,"column":1},"end":{"line":45,"column":1}},"loc":{"start":{"line":7,"column":1},"end":{"line":45,"column":1}},"line":7},"2":{"name":"DynamoWrapper","decl":{"start":{"line":8,"column":20},"end":{"line":15,"column":16}},"loc":{"start":{"line":8,"column":20},"end":{"line":15,"column":16}},"line":8},"3":{"name":"createDraft","decl":{"start":{"line":15,"column":21},"end":{"line":32,"column":47}},"loc":{"start":{"line":15,"column":21},"end":{"line":32,"column":47}},"line":15},"4":{"name":"writeSet","decl":{"start":{"line":32,"column":52},"end":{"line":45,"column":1}},"loc":{"start":{"line":32,"column":52},"end":{"line":45,"column":1}},"line":32}},"f":{"0":1,"1":1,"2":1,"3":0,"4":0}}
,"C:\\Users\\gearp\\Desktop\\Coding\\pseudodraft-bot\\DraftBot\\src\\utils\\wrappers\\ScryfallWrapper.ts": {"path":"C:\\Users\\gearp\\Desktop\\Coding\\pseudodraft-bot\\DraftBot\\src\\utils\\wrappers\\ScryfallWrapper.ts","all":false,"statementMap":{"0":{"start":{"line":1,"column":0},"end":{"line":1,"column":8}},"1":{"start":{"line":2,"column":0},"end":{"line":2,"column":15}},"2":{"start":{"line":3,"column":0},"end":{"line":3,"column":25}},"3":{"start":{"line":4,"column":0},"end":{"line":4,"column":28}},"4":{"start":{"line":5,"column":0},"end":{"line":5,"column":31}},"5":{"start":{"line":6,"column":0},"end":{"line":6,"column":27}},"6":{"start":{"line":7,"column":0},"end":{"line":7,"column":25}},"7":{"start":{"line":8,"column":0},"end":{"line":8,"column":22}},"8":{"start":{"line":9,"column":0},"end":{"line":9,"column":48}},"9":{"start":{"line":10,"column":0},"end":{"line":10,"column":0}},"10":{"start":{"line":11,"column":0},"end":{"line":11,"column":163}},"11":{"start":{"line":12,"column":0},"end":{"line":12,"column":0}},"12":{"start":{"line":13,"column":0},"end":{"line":13,"column":156}},"13":{"start":{"line":14,"column":0},"end":{"line":14,"column":0}},"14":{"start":{"line":15,"column":0},"end":{"line":15,"column":89}},"15":{"start":{"line":16,"column":0},"end":{"line":16,"column":92}},"16":{"start":{"line":17,"column":0},"end":{"line":17,"column":90}},"17":{"start":{"line":18,"column":0},"end":{"line":18,"column":84}},"18":{"start":{"line":19,"column":0},"end":{"line":19,"column":78}},"19":{"start":{"line":20,"column":0},"end":{"line":20,"column":41}},"20":{"start":{"line":21,"column":0},"end":{"line":21,"column":55}},"21":{"start":{"line":22,"column":0},"end":{"line":22,"column":58}},"22":{"start":{"line":23,"column":0},"end":{"line":23,"column":60}},"23":{"start":{"line":24,"column":0},"end":{"line":24,"column":62}},"24":{"start":{"line":25,"column":0},"end":{"line":25,"column":49}},"25":{"start":{"line":26,"column":0},"end":{"line":26,"column":31}},"26":{"start":{"line":27,"column":0},"end":{"line":27,"column":32}},"27":{"start":{"line":28,"column":0},"end":{"line":28,"column":40}},"28":{"start":{"line":29,"column":0},"end":{"line":29,"column":12}},"29":{"start":{"line":30,"column":0},"end":{"line":30,"column":36}},"30":{"start":{"line":31,"column":0},"end":{"line":31,"column":5}},"31":{"start":{"line":32,"column":0},"end":{"line":32,"column":5}},"32":{"start":{"line":33,"column":0},"end":{"line":33,"column":0}},"33":{"start":{"line":34,"column":0},"end":{"line":34,"column":93}},"34":{"start":{"line":35,"column":0},"end":{"line":35,"column":14}},"35":{"start":{"line":36,"column":0},"end":{"line":36,"column":2}}},"s":{"0":1,"1":1,"2":1,"3":1,"4":1,"5":1,"6":1,"7":1,"8":1,"9":1,"10":1,"11":1,"12":1,"13":1,"14":1,"15":1,"16":1,"17":1,"18":1,"19":0,"20":0,"21":0,"22":0,"23":0,"24":0,"25":0,"26":0,"27":0,"28":0,"29":0,"30":0,"31":0,"32":0,"33":1,"34":1,"35":1},"branchMap":{"0":{"type":"branch","line":1,"loc":{"start":{"line":1,"column":0},"end":{"line":36,"column":2}},"locations":[{"start":{"line":1,"column":0},"end":{"line":36,"column":2}}]},"1":{"type":"branch","line":1,"loc":{"start":{"line":1,"column":0},"end":{"line":36,"column":2}},"locations":[{"start":{"line":1,"column":0},"end":{"line":36,"column":2}}]},"2":{"type":"branch","line":11,"loc":{"start":{"line":11,"column":54},"end":{"line":11,"column":159}},"locations":[{"start":{"line":11,"column":54},"end":{"line":11,"column":159}}]},"3":{"type":"branch","line":13,"loc":{"start":{"line":13,"column":35},"end":{"line":13,"column":134}},"locations":[{"start":{"line":13,"column":35},"end":{"line":13,"column":134}}]}},"b":{"0":[1],"1":[1],"2":[3],"3":[1]},"fnMap":{"0":{"name":"Object.<anonymous>","decl":{"start":{"line":1,"column":0},"end":{"line":36,"column":2}},"loc":{"start":{"line":1,"column":0},"end":{"line":36,"column":2}},"line":1},"1":{"name":"requestBuilderToEndpointForCard","decl":{"start":{"line":11,"column":54},"end":{"line":11,"column":159}},"loc":{"start":{"line":11,"column":54},"end":{"line":11,"column":159}},"line":11},"2":{"name":"requestBuilderToEndpointForSet","decl":{"start":{"line":13,"column":35},"end":{"line":13,"column":134}},"loc":{"start":{"line":13,"column":35},"end":{"line":13,"column":134}},"line":13},"3":{"name":"getSetsBulk","decl":{"start":{"line":19,"column":26},"end":{"line":34,"column":92}},"loc":{"start":{"line":19,"column":26},"end":{"line":34,"column":92}},"line":19}},"f":{"0":1,"1":3,"2":1,"3":0}}
}
