TN:
SF:src\actions\Draft\Draft.ts
FN:1,Object.<anonymous>
FN:9,getSetData
FN:19,<instance_members_initializer>
FN:22,Draft
FN:45,action
FNF:5
FNH:3
FNDA:1,Object.<anonymous>
FNDA:0,getSetData
FNDA:1,<instance_members_initializer>
FNDA:1,Draft
FNDA:0,action
DA:1,1
DA:2,1
DA:3,1
DA:4,1
DA:5,1
DA:6,1
DA:7,1
DA:8,1
DA:9,1
DA:10,0
DA:11,0
DA:12,0
DA:13,0
DA:14,0
DA:15,0
DA:16,0
DA:17,0
DA:18,0
DA:19,1
DA:20,1
DA:21,1
DA:22,1
DA:23,1
DA:24,1
DA:25,1
DA:26,1
DA:27,1
DA:28,1
DA:29,1
DA:30,1
DA:31,1
DA:32,1
DA:33,4
DA:34,4
DA:35,4
DA:36,4
DA:37,4
DA:38,1
DA:39,1
DA:40,1
DA:41,1
DA:42,1
DA:43,1
DA:44,1
DA:45,1
DA:46,0
DA:47,0
DA:48,0
DA:49,0
DA:50,0
DA:51,0
DA:52,0
DA:53,0
DA:54,0
DA:55,0
DA:56,0
DA:57,0
DA:58,0
DA:59,0
DA:60,0
DA:61,0
DA:62,0
DA:63,0
DA:64,0
DA:65,0
DA:66,0
DA:67,0
DA:68,0
DA:69,0
DA:70,0
DA:71,0
DA:72,0
DA:73,0
DA:74,0
DA:75,0
LF:75
LH:36
BRDA:1,0,0,1
BRDA:1,1,0,1
BRDA:19,2,0,1
BRDA:22,3,0,1
BRDA:32,4,0,4
BRF:5
BRH:5
end_of_record
TN:
SF:src\utils\Constants.ts
FN:1,Object.<anonymous>
FNF:1
FNH:1
FNDA:1,Object.<anonymous>
DA:1,1
DA:2,1
DA:3,1
DA:4,1
DA:5,1
DA:6,1
DA:7,1
DA:8,1
DA:9,1
DA:10,1
DA:11,1
DA:12,1
DA:13,1
DA:14,1
DA:15,1
DA:16,1
DA:17,1
DA:18,1
DA:19,1
DA:20,1
DA:21,1
DA:22,1
DA:23,1
DA:24,1
DA:25,1
DA:26,1
DA:27,1
LF:27
LH:27
BRDA:1,0,0,1
BRDA:1,1,0,1
BRF:2
BRH:2
end_of_record
TN:
SF:src\utils\SchemaBuilder.ts
FN:1,Object.<anonymous>
FN:5,BuildCommandSchema
FNF:2
FNH:2
FNDA:1,Object.<anonymous>
FNDA:1,BuildCommandSchema
DA:1,1
DA:2,1
DA:3,1
DA:4,1
DA:5,1
DA:6,1
DA:7,1
DA:8,1
DA:9,1
DA:10,1
DA:11,1
DA:12,1
DA:13,4
DA:14,4
DA:15,4
DA:16,4
DA:17,4
DA:18,4
DA:19,4
DA:20,1
DA:21,1
DA:22,1
DA:23,1
DA:24,1
DA:25,1
DA:26,1
DA:27,1
DA:28,1
DA:29,1
DA:30,1
LF:30
LH:30
BRDA:1,0,0,1
BRDA:1,1,0,1
BRDA:5,2,0,1
BRDA:12,3,0,4
BRDA:12,4,0,4
BRDA:20,5,0,3
BRDA:22,6,0,1
BRDA:22,7,0,1
BRF:8
BRH:8
end_of_record
TN:
SF:src\utils\wrappers\DynamoWrapper.ts
FN:1,Object.<anonymous>
FN:7,<instance_members_initializer>
FN:8,DynamoWrapper
FN:15,createDraft
FN:32,writeSet
FNF:5
FNH:3
FNDA:1,Object.<anonymous>
FNDA:1,<instance_members_initializer>
FNDA:1,DynamoWrapper
FNDA:0,createDraft
FNDA:0,writeSet
DA:1,1
DA:2,1
DA:3,1
DA:4,1
DA:5,1
DA:6,1
DA:7,1
DA:8,1
DA:9,1
DA:10,1
DA:11,1
DA:12,1
DA:13,1
DA:14,1
DA:15,1
DA:16,0
DA:17,0
DA:18,0
DA:19,0
DA:20,0
DA:21,0
DA:22,0
DA:23,0
DA:24,0
DA:25,0
DA:26,0
DA:27,0
DA:28,0
DA:29,0
DA:30,0
DA:31,0
DA:32,1
DA:33,0
DA:34,0
DA:35,0
DA:36,0
DA:37,0
DA:38,0
DA:39,0
DA:40,0
DA:41,0
DA:42,0
DA:43,0
DA:44,0
DA:45,0
LF:45
LH:16
BRDA:1,0,0,1
BRDA:1,1,0,1
BRDA:7,2,0,1
BRDA:8,3,0,1
BRF:4
BRH:4
end_of_record
TN:
SF:src\utils\wrappers\ScryfallWrapper.ts
FN:1,Object.<anonymous>
FN:11,requestBuilderToEndpointForCard
FN:13,requestBuilderToEndpointForSet
FN:19,getSetsBulk
FNF:4
FNH:3
FNDA:1,Object.<anonymous>
FNDA:3,requestBuilderToEndpointForCard
FNDA:1,requestBuilderToEndpointForSet
FNDA:0,getSetsBulk
DA:1,1
DA:2,1
DA:3,1
DA:4,1
DA:5,1
DA:6,1
DA:7,1
DA:8,1
DA:9,1
DA:10,1
DA:11,1
DA:12,1
DA:13,1
DA:14,1
DA:15,1
DA:16,1
DA:17,1
DA:18,1
DA:19,1
DA:20,0
DA:21,0
DA:22,0
DA:23,0
DA:24,0
DA:25,0
DA:26,0
DA:27,0
DA:28,0
DA:29,0
DA:30,0
DA:31,0
DA:32,0
DA:33,0
DA:34,1
DA:35,1
DA:36,1
LF:36
LH:22
BRDA:1,0,0,1
BRDA:1,1,0,1
BRDA:11,2,0,3
BRDA:13,3,0,1
BRF:4
BRH:4
end_of_record
